AH00558: apache2: Could not reliably determine the server's fully qualified domain name, using 172.19.0.5. Set the 'ServerName' directive globally to suppress this message
[Thu Feb 29 09:23:49.457808 2024] [mpm_prefork:notice] [pid 1] AH00163: Apache/2.4.57 (Debian) PHP/8.3.3 OpenSSL/3.0.11 configured -- resuming normal operations
[Thu Feb 29 09:23:49.457838 2024] [core:notice] [pid 1] AH00094: Command line: 'apache2 -D FOREGROUND'
[Thu Feb 29 09:33:26.281773 2024] [core:crit] [pid 18] (13)Permission denied: [client 172.19.0.1:40760] AH00529: /var/www/html/install/.htaccess pcfg_openfile: unable to check htaccess file, ensure it is readable and that '/var/www/html/install/' is executable
sh: 1: host: not found
[Thu Feb 29 12:44:48.305290 2024] [mpm_prefork:notice] [pid 1] AH00170: caught SIGWINCH, shutting down gracefully
AH00558: apache2: Could not reliably determine the server's fully qualified domain name, using 172.20.0.4. Set the 'ServerName' directive globally to suppress this message
[Thu Feb 29 13:07:20.915815 2024] [mpm_prefork:notice] [pid 1] AH00163: Apache/2.4.57 (Debian) PHP/8.3.3 OpenSSL/3.0.11 configured -- resuming normal operations
[Thu Feb 29 13:07:20.915843 2024] [core:notice] [pid 1] AH00094: Command line: 'apache2 -D FOREGROUND'
sh: 1: host: not found
sh: 1: host: not found
sh: 1: host: not found
sh: 1: host: not found
sh: 1: host: not found
sh: 1: host: not found
sh: 1: host: not found
sh: 1: /usr/sbin/sendmail: not found
sh: 1: host: not found
sh: 1: host: not found
sh: 1: host: not found
sh: 1: host: not found
sh: 1: host: not found
sh: 1: host: not found
sh: 1: host: not found
sh: 1: host: not found
sh: 1: host: not found
sh: 1: host: not found
[Thu Feb 29 13:59:03.480766 2024] [mpm_prefork:notice] [pid 1] AH00170: caught SIGWINCH, shutting down gracefully
AH00558: apache2: Could not reliably determine the server's fully qualified domain name, using 172.20.0.3. Set the 'ServerName' directive globally to suppress this message
[Fri Mar 01 08:05:02.207469 2024] [mpm_prefork:notice] [pid 1] AH00163: Apache/2.4.57 (Debian) PHP/8.3.3 OpenSSL/3.0.11 configured -- resuming normal operations
[Fri Mar 01 08:05:02.207590 2024] [core:notice] [pid 1] AH00094: Command line: 'apache2 -D FOREGROUND'
[Fri Mar 01 13:54:57.355939 2024] [mpm_prefork:notice] [pid 1] AH00170: caught SIGWINCH, shutting down gracefully
AH00558: apache2: Could not reliably determine the server's fully qualified domain name, using 172.18.0.4. Set the 'ServerName' directive globally to suppress this message
[Mon Mar 04 08:17:13.829947 2024] [mpm_prefork:notice] [pid 1] AH00163: Apache/2.4.57 (Debian) PHP/8.3.3 OpenSSL/3.0.11 configured -- resuming normal operations
[Mon Mar 04 08:17:13.830071 2024] [core:notice] [pid 1] AH00094: Command line: 'apache2 -D FOREGROUND'
sh: 1: host: not found
sh: 1: host: not found
sh: 1: host: not found
sh: 1: host: not found
sh: 1: host: not found
sh: 1: host: not found
AH00558: apache2: Could not reliably determine the server's fully qualified domain name, using 172.18.0.2. Set the 'ServerName' directive globally to suppress this message
[Mon Mar 04 10:11:50.797227 2024] [mpm_prefork:notice] [pid 1] AH00163: Apache/2.4.57 (Debian) PHP/8.3.3 OpenSSL/3.0.11 configured -- resuming normal operations
[Mon Mar 04 10:11:50.797333 2024] [core:notice] [pid 1] AH00094: Command line: 'apache2 -D FOREGROUND'
sh: 1: host: not found
sh: 1: host: not found
sh: 1: host: not found
sh: 1: host: not found
sh: 1: host: not found
sh: 1: host: not found
sh: 1: host: not found
sh: 1: host: not found
sh: 1: host: not found
sh: 1: host: not found
sh: 1: host: not found
sh: 1: host: not found
sh: 1: /usr/sbin/sendmail: not found
sh: 1: host: not found
sh: 1: host: not found
sh: 1: host: not found
sh: 1: host: not found
sh: 1: host: not found
sh: 1: host: not found
sh: 1: host: not found
sh: 1: host: not found
sh: 1: host: not found
sh: 1: host: not found
sh: 1: host: not found
sh: 1: host: not found
sh: 1: host: not found
sh: 1: host: not found
sh: 1: host: not found
sh: 1: host: not found
sh: 1: host: not found
sh: 1: host: not found
sh: 1: host: not found
sh: 1: host: not found
sh: 1: host: not found
sh: 1: host: not found
sh: 1: host: not found
sh: 1: host: not found
sh: 1: host: not found
sh: 1: host: not found
sh: 1: host: not found
sh: 1: host: not found
sh: 1: host: not found
sh: 1: host: not found
sh: 1: host: not found
sh: 1: host: not found
sh: 1: host: not found
sh: 1: host: not found
sh: 1: host: not found
sh: 1: host: not found
sh: 1: host: not found
sh: 1: host: not found
sh: 1: host: not found
sh: 1: host: not found
sh: 1: host: not found
sh: 1: host: not found
sh: 1: host: not found
sh: 1: host: not found
sh: 1: host: not found
sh: 1: host: not found
sh: 1: host: not found
sh: 1: host: not found
sh: 1: host: not found
sh: 1: host: not found
sh: 1: host: not found
sh: 1: host: not found
sh: 1: host: not found
sh: 1: host: not found
sh: 1: host: not found
sh: 1: host: not found
sh: 1: host: not found
sh: 1: host: not found
sh: 1: /usr/sbin/sendmail: not found
sh: 1: host: not found
sh: 1: host: not found
sh: 1: host: not found
sh: 1: host: not found
sh: 1: host: not found
sh: 1: host: not found
sh: 1: host: not found
sh: 1: host: not found
sh: 1: host: not found
sh: 1: host: not found
sh: 1: host: not found
sh: 1: host: not found
sh: 1: host: not found
sh: 1: host: not found
sh: 1: host: not found
sh: 1: host: not found
sh: 1: host: not found
sh: 1: host: not found
sh: 1: host: not found
sh: 1: host: not found
sh: 1: host: not found
sh: 1: host: not found
sh: 1: host: not found
sh: 1: host: not found
sh: 1: host: not found
[Mon Mar 04 12:21:34.365616 2024] [mpm_prefork:notice] [pid 1] AH00170: caught SIGWINCH, shutting down gracefully
